<?xml version="1.0" encoding="UTF-8"?>
<!-- Generated by org.testng.reporters.JUnitXMLReporter -->
<testsuite hostname="us158470" name="Default test" tests="1" failures="0" timestamp="21 Jan 2015 20:10:34 GMT" time="0.01" errors="0">
  <testcase name="@BeforeSuite beforeSuite" time="0.0" classname="com.aol.example.testcase.PrivateWifi">
    <failure type="org.testng.TestNGException" message="
Parameter &amp;apos;env&amp;apos; is required by @Configuration on method beforeSuite but has not been marked @Optional or defined
in /private/var/folders/ff/vlcjdh4d2q39zpxgz5nkv4wnsvfdk5/T/testng-eclipse-1965158618/testng-customsuite.xml">
      <![CDATA[org.testng.TestNGException: 
Parameter 'env' is required by @Configuration on method beforeSuite but has not been marked @Optional or defined
in /private/var/folders/ff/vlcjdh4d2q39zpxgz5nkv4wnsvfdk5/T/testng-eclipse-1965158618/testng-customsuite.xml
	at org.testng.internal.Parameters.createParameters(Parameters.java:155)
	at org.testng.internal.Parameters.createParameters(Parameters.java:358)
	at org.testng.internal.Parameters.createConfigurationParameters(Parameters.java:86)
	at org.testng.internal.Invoker.invokeConfigurations(Invoker.java:199)
	at org.testng.internal.Invoker.invokeConfigurations(Invoker.java:138)
	at org.testng.SuiteRunner.privateRun(SuiteRunner.java:277)
	at org.testng.SuiteRunner.run(SuiteRunner.java:240)
	at org.testng.SuiteRunnerWorker.runSuite(SuiteRunnerWorker.java:52)
	at org.testng.SuiteRunnerWorker.run(SuiteRunnerWorker.java:86)
	at org.testng.TestNG.runSuitesSequentially(TestNG.java:1224)
	at org.testng.TestNG.runSuitesLocally(TestNG.java:1149)
	at org.testng.TestNG.run(TestNG.java:1057)
	at org.testng.remote.RemoteTestNG.run(RemoteTestNG.java:111)
	at org.testng.remote.RemoteTestNG.initAndRun(RemoteTestNG.java:204)
	at org.testng.remote.RemoteTestNG.main(RemoteTestNG.java:175)
]]>
    </failure>
  </testcase> <!-- @BeforeSuite beforeSuite -->
  <testcase name="loadCheckoutPageAndSignIn" time="0.0010" classname="com.aol.example.testcase.PrivateWifi">
    <skipped/>
  </testcase> <!-- loadCheckoutPageAndSignIn -->
</testsuite> <!-- Default test -->
