<?xml version="1.0" encoding="UTF-8"?>
<!-- Generated by org.testng.reporters.JUnitXMLReporter -->
<testsuite hostname="us158470" name="Test_iPadAir_Vertical" tests="1" failures="0" timestamp="15 Jan 2015 20:39:50 GMT" time="9.406" errors="0">
  <testcase name="@BeforeMethod loadCheckoutPageAndSignIn" time="0.0" classname="com.aol.example.testcase.TestExampleLifestore">
    <failure type="com.applitools.eyes.TestFailedException" message="Failed to set browser size!">
      <![CDATA[com.applitools.eyes.TestFailedException: Failed to set browser size!
	at com.applitools.eyes.Eyes.setViewportSize(Eyes.java:1013)
	at com.applitools.eyes.EyesBase.startSession(EyesBase.java:1033)
	at com.applitools.eyes.EyesBase.checkWindowBase(EyesBase.java:731)
	at com.applitools.eyes.Eyes.checkWindow(Eyes.java:188)
	at com.applitools.eyes.Eyes.checkWindow(Eyes.java:164)
	at com.aol.example.testcase.TestExampleLifestore.loadCheckoutPageAndSignIn(TestExampleLifestore.java:40)
... Removed 26 stack frames]]>
    </failure>
  </testcase> <!-- @BeforeMethod loadCheckoutPageAndSignIn -->
  <testcase name="aTest" time="0.0" classname="com.aol.example.testcase.TestExampleLifestore">
    <skipped/>
  </testcase> <!-- aTest -->
</testsuite> <!-- Test_iPadAir_Vertical -->
