<?xml version="1.0" encoding="UTF-8"?>
<!-- Generated by org.testng.reporters.JUnitXMLReporter -->
<testsuite hostname="us158470" name="Test_MostDesktopBrowsersMininumSize" tests="2" failures="0" timestamp="23 Jan 2015 19:08:16 GMT" time="34.145" errors="0">
  <testcase name="@AfterMethod afterMethod" time="0.0" classname="com.aol.example.testcase.PrivateWifi">
    <failure type="com.applitools.eyes.NewTestException" message="&amp;apos;PrivateWifi checkMaxLimitReached&amp;apos; of &amp;apos;checkMaxLimitReached&amp;apos;. Please approve the new baseline at https://eyes.applitools.com/app/sessions/251980260726980">
      <![CDATA[com.applitools.eyes.NewTestException: 'PrivateWifi checkMaxLimitReached' of 'checkMaxLimitReached'. Please approve the new baseline at https://eyes.applitools.com/app/sessions/251980260726980
	at com.applitools.eyes.EyesBase.close(EyesBase.java:521)
	at com.applitools.eyes.Eyes.close(Eyes.java:18)
	at com.applitools.eyes.EyesBase.close(EyesBase.java:444)
	at com.applitools.eyes.Eyes.close(Eyes.java:18)
	at com.aol.example.testcase.UITestBase.afterMethod(UITestBase.java:102)
... Removed 26 stack frames]]>
    </failure>
  </testcase> <!-- @AfterMethod afterMethod -->
  <testcase name="@BeforeMethod beforeMethod" time="0.0" classname="com.aol.example.testcase.PrivateWifi">
    <skipped/>
  </testcase> <!-- @BeforeMethod beforeMethod -->
  <testcase name="@AfterMethod afterMethod" time="0.0" classname="com.aol.example.testcase.PrivateWifi">
    <failure type="java.lang.IllegalStateException" message="Eyes not open">
      <![CDATA[java.lang.IllegalStateException: Eyes not open
	at com.applitools.utils.ArgumentGuard.isValidState(ArgumentGuard.java:105)
	at com.applitools.eyes.EyesBase.close(EyesBase.java:463)
	at com.applitools.eyes.Eyes.close(Eyes.java:18)
	at com.applitools.eyes.EyesBase.close(EyesBase.java:444)
	at com.applitools.eyes.Eyes.close(Eyes.java:18)
	at com.aol.example.testcase.UITestBase.afterMethod(UITestBase.java:102)
... Removed 26 stack frames]]>
    </failure>
  </testcase> <!-- @AfterMethod afterMethod -->
  <testcase name="checkMaxLimitReached" time="24.783" classname="com.aol.example.testcase.PrivateWifi"/>
  <testcase name="loadPrivateWifiPageAndSignIn" time="0.0010" classname="com.aol.example.testcase.PrivateWifi">
    <skipped/>
  </testcase> <!-- loadPrivateWifiPageAndSignIn -->
</testsuite> <!-- Test_MostDesktopBrowsersMininumSize -->
